<?xml version="1.0" encoding="UTF-8"?>
<!-- Generated by org.testng.reporters.JUnitXMLReporter -->
<testsuite ignored="2" hostname="C_Name" failures="1" tests="1" name="Test" time="113.482" errors="0" timestamp="2024-05-09T18:37:48 IST">
  <testcase classname="com.comcat.crm.orgtest.CreateOrganizationTestAll" name="createOrganiTest" time="11.882">
    <failure type="java.lang.AssertionError" message="null">
      <![CDATA[java.lang.AssertionError: null
at com.comcat.crm.orgtest.CreateOrganizationTestAll.createOrganiTest(CreateOrganizationTestAll.java:54)
at java.base/java.util.ArrayList.forEach(ArrayList.java:1511)
... Removed 29 stack frames]]>
    </failure>
  </testcase> <!-- createOrganiTest -->
  <testcase classname="com.comcat.crm.orgtest.CreateOrganizationTestAll" name="createOrgWithPhoneNumberTest" time="0.0">
    <ignored/>
  </testcase> <!-- createOrgWithPhoneNumberTest -->
  <testcase classname="com.comcat.crm.orgtest.CreateOrganizationTestAll" name="createOrganizationWithIndustriesTest2" time="0.0">
    <ignored/>
  </testcase> <!-- createOrganizationWithIndustriesTest2 -->
</testsuite> <!-- Test -->
